Margen:  30
-- Generation 0 --
  Evaluated 387 individuals
  Min 1637.0 
  Valids: 385 
-- Generation 1 --
  Evaluated 392 individuals
  Min 1637.0 
  Valids: 391 
-- Generation 2 --
  Evaluated 389 individuals
  Min 1637.0 
  Valids: 388 
-- Generation 3 --
  Evaluated 384 individuals
  Min 1637.0 
  Valids: 383 
-- Generation 4 --
  Evaluated 386 individuals
  Min 1637.0 
  Valids: 386 
-- Generation 5 --
  Evaluated 382 individuals
  Min 1637.0 
  Valids: 382 
-- Generation 6 --
  Evaluated 387 individuals
  Min 1637.0 
  Valids: 387 
-- Generation 7 --
  Evaluated 391 individuals
  Min 1637.0 
  Valids: 391 
-- Generation 8 --
  Evaluated 366 individuals
  Min 1637.0 
  Valids: 365 
-- Generation 9 --
  Evaluated 378 individuals
  Min 1637.0 
  Valids: 378 
-- Generation 10 --
  Evaluated 387 individuals
  Min 1637.0 
  Valids: 387 
-- Generation 11 --
  Evaluated 377 individuals
  Min 1637.0 
  Valids: 377 
-- Generation 12 --
  Evaluated 375 individuals
  Min 1637.0 
  Valids: 375 
-- Generation 13 --
  Evaluated 381 individuals
  Min 1637.0 
  Valids: 381 
-- Generation 14 --
  Evaluated 384 individuals
  Min 1637.0 
  Valids: 384 
-- Generation 15 --
  Evaluated 379 individuals
  Min 1637.0 
  Valids: 379 
-- Generation 16 --
  Evaluated 376 individuals
  Min 1637.0 
  Valids: 376 
-- Generation 17 --
  Evaluated 385 individuals
  Min 1637.0 
  Valids: 385 
-- Generation 18 --
  Evaluated 385 individuals
  Min 1637.0 
  Valids: 385 
-- Generation 19 --
  Evaluated 380 individuals
  Min 1637.0 
  Valids: 380 
-- Generation 20 --
  Evaluated 382 individuals
  Min 1637.0 
  Valids: 382 
-- Generation 21 --
  Evaluated 382 individuals
  Min 1637.0 
  Valids: 382 
-- Generation 22 --
  Evaluated 380 individuals
  Min 1637.0 
  Valids: 380 
-- Generation 23 --
  Evaluated 387 individuals
  Min 1637.0 
  Valids: 387 
-- Generation 24 --
  Evaluated 389 individuals
  Min 1637.0 
  Valids: 389 
-- Generation 25 --
  Evaluated 378 individuals
  Min 1637.0 
  Valids: 378 
-- Generation 26 --
  Evaluated 377 individuals
  Min 1637.0 
  Valids: 377 
-- Generation 27 --
  Evaluated 393 individuals
  Min 1637.0 
  Valids: 393 
-- Generation 28 --
  Evaluated 380 individuals
  Min 1637.0 
  Valids: 380 
-- Generation 29 --
  Evaluated 382 individuals
  Min 1637.0 
  Valids: 382 
-- Generation 30 --
  Evaluated 384 individuals
  Min 1637.0 
  Valids: 384 
-- Generation 31 --
  Evaluated 367 individuals
  Min 1637.0 
  Valids: 367 
-- Generation 32 --
  Evaluated 370 individuals
  Min 1637.0 
  Valids: 370 
-- Generation 33 --
  Evaluated 387 individuals
  Min 1637.0 
  Valids: 387 
-- Generation 34 --
  Evaluated 376 individuals
  Min 1637.0 
  Valids: 376 
-- Generation 35 --
  Evaluated 380 individuals
  Min 1637.0 
  Valids: 379 
-- Generation 36 --
  Evaluated 377 individuals
  Min 1637.0 
  Valids: 377 
-- Generation 37 --
  Evaluated 383 individuals
  Min 1637.0 
  Valids: 383 
-- Generation 38 --
  Evaluated 386 individuals
  Min 1637.0 
  Valids: 386 
-- Generation 39 --
  Evaluated 382 individuals
  Min 1637.0 
  Valids: 382 
-- Generation 40 --
  Evaluated 383 individuals
  Min 1637.0 
  Valids: 383 
-- Generation 41 --
  Evaluated 381 individuals
  Min 1637.0 
  Valids: 381 
-- Generation 42 --
  Evaluated 383 individuals
  Min 1637.0 
  Valids: 383 
-- Generation 43 --
  Evaluated 387 individuals
  Min 1637.0 
  Valids: 387 
-- Generation 44 --
  Evaluated 383 individuals
  Min 1637.0 
  Valids: 383 
-- Generation 45 --
  Evaluated 376 individuals
  Min 1637.0 
  Valids: 376 
-- Generation 46 --
  Evaluated 393 individuals
  Min 1637.0 
  Valids: 393 
-- Generation 47 --
  Evaluated 387 individuals
  Min 1637.0 
  Valids: 387 
-- Generation 48 --
  Evaluated 386 individuals
  Min 1637.0 
  Valids: 386 
-- Generation 49 --
  Evaluated 379 individuals
  Min 1637.0 
  Valids: 379 
-- Generation 50 --
  Evaluated 383 individuals
  Min 1637.0 
  Valids: 383 
-- Generation 51 --
  Evaluated 385 individuals
  Min 1637.0 
  Valids: 385 
-- Generation 52 --
  Evaluated 380 individuals
  Min 1637.0 
  Valids: 380 
-- Generation 53 --
  Evaluated 383 individuals
  Min 1637.0 
  Valids: 383 
-- Generation 54 --
  Evaluated 381 individuals
  Min 1637.0 
  Valids: 381 
-- Generation 55 --
  Evaluated 385 individuals
  Min 1637.0 
  Valids: 385 
-- Generation 56 --
  Evaluated 384 individuals
  Min 1637.0 
  Valids: 384 
-- Generation 57 --
  Evaluated 384 individuals
  Min 1637.0 
  Valids: 384 
-- Generation 58 --
  Evaluated 392 individuals
  Min 1637.0 
  Valids: 392 
-- Generation 59 --
  Evaluated 383 individuals
  Min 1637.0 
  Valids: 383 
-- Generation 60 --
  Evaluated 377 individuals
  Min 1637.0 
  Valids: 377 
-- Generation 61 --
  Evaluated 383 individuals
  Min 1637.0 
  Valids: 383 
-- Generation 62 --
  Evaluated 383 individuals
  Min 1637.0 
  Valids: 383 
-- Generation 63 --
  Evaluated 381 individuals
  Min 1637.0 
  Valids: 381 
-- Generation 64 --
  Evaluated 395 individuals
  Min 1637.0 
  Valids: 395 
-- Generation 65 --
  Evaluated 386 individuals
  Min 1637.0 
  Valids: 386 
-- Generation 66 --
  Evaluated 379 individuals
  Min 1637.0 
  Valids: 379 
-- Generation 67 --
  Evaluated 384 individuals
  Min 1637.0 
  Valids: 384 
-- Generation 68 --
  Evaluated 385 individuals
  Min 1637.0 
  Valids: 385 
-- Generation 69 --
  Evaluated 387 individuals
  Min 1637.0 
  Valids: 387 
-- Generation 70 --
  Evaluated 387 individuals
  Min 1637.0 
  Valids: 387 
-- Generation 71 --
  Evaluated 377 individuals
  Min 1637.0 
  Valids: 377 
-- Generation 72 --
  Evaluated 387 individuals
  Min 1637.0 
  Valids: 387 
-- Generation 73 --
  Evaluated 379 individuals
  Min 1637.0 
  Valids: 379 
-- Generation 74 --
  Evaluated 381 individuals
  Min 1637.0 
  Valids: 381 
-- Generation 75 --
  Evaluated 387 individuals
  Min 1637.0 
  Valids: 387 
-- Generation 76 --
  Evaluated 386 individuals
  Min 1637.0 
  Valids: 386 
-- Generation 77 --
  Evaluated 389 individuals
  Min 1637.0 
  Valids: 389 
-- Generation 78 --
  Evaluated 380 individuals
  Min 1637.0 
  Valids: 380 
-- Generation 79 --
  Evaluated 383 individuals
  Min 1637.0 
  Valids: 383 
-- Generation 80 --
  Evaluated 387 individuals
  Min 1637.0 
  Valids: 387 
-- Generation 81 --
  Evaluated 391 individuals
  Min 1637.0 
  Valids: 391 
-- Generation 82 --
  Evaluated 385 individuals
  Min 1637.0 
  Valids: 385 
-- Generation 83 --
  Evaluated 388 individuals
  Min 1637.0 
  Valids: 388 
-- Generation 84 --
  Evaluated 390 individuals
  Min 1637.0 
  Valids: 390 
-- Generation 85 --
  Evaluated 387 individuals
  Min 1637.0 
  Valids: 387 
-- Generation 86 --
  Evaluated 386 individuals
  Min 1637.0 
  Valids: 386 
-- Generation 87 --
  Evaluated 386 individuals
  Min 1637.0 
  Valids: 386 
-- Generation 88 --
  Evaluated 379 individuals
  Min 1637.0 
  Valids: 379 
-- Generation 89 --
  Evaluated 388 individuals
  Min 1637.0 
  Valids: 388 
-- Generation 90 --
  Evaluated 382 individuals
  Min 1637.0 
  Valids: 382 
-- Generation 91 --
  Evaluated 391 individuals
  Min 1637.0 
  Valids: 391 
-- Generation 92 --
  Evaluated 375 individuals
  Min 1637.0 
  Valids: 375 
-- Generation 93 --
  Evaluated 383 individuals
  Min 1637.0 
  Valids: 383 
-- Generation 94 --
  Evaluated 379 individuals
  Min 1637.0 
  Valids: 379 
-- Generation 95 --
  Evaluated 379 individuals
  Min 1637.0 
  Valids: 379 
-- Generation 96 --
  Evaluated 388 individuals
  Min 1637.0 
  Valids: 388 
-- Generation 97 --
  Evaluated 380 individuals
  Min 1637.0 
  Valids: 380 
-- Generation 98 --
  Evaluated 373 individuals
  Min 1637.0 
  Valids: 373 
-- Generation 99 --
  Evaluated 385 individuals
  Min 1637.0 
  Valids: 385 
-- End of (successful) evolution --
 ======================== 
  Min 1637.0
  Max 2175.0
  Avg 1792.53448276
  Std 156.264861498
 ======================== 
Best individual is [[2, 0, 0, 0, 0, 0, 0, 0, 0, 0, 0, 0, 0, 0, 0, 0, 0, 0, 0, 0, 0, 0, 0, 0, 0, 0, 0, 0, 0, 0, 0, 0, 0, 0, 21, 0, 0, 0, 0, 0, 0, 0, 0, 0, 0, 0, 0, 0, 0, 0, 0, 0, 0, 0, 0, 0, 0, 0, 0, 0], [20, 36, 28, 39, 14, 56, 15, 10, 42, 8, 50, 23, 5, 53, 58, 13, 16, 7, 59, 41, 45, 47, 32, 21, 40, 37, 35, 17, 3, 34, 38, 1, 52, 26, 33, 30, 48, 0, 22, 12, 54, 25, 6, 46, 2, 27, 44, 18, 24, 29, 19, 49, 43, 4, 31, 55, 11, 9, 57, 51], [0, 0, 0, 0, 0, 0, 0, 0, 0, 0, 0, 0, 0, 0, 0, 0, 0, 0, 0, 0, 0, 0, 0, 0, 0, 0, 0, 0, 0, 0, 0, 0, 0, 0, 0, 0, 0, 0, 0, 0, 0, 0, 0, 0, 0, 0, 0, 0, 0, 0, 0, 0, 0, 0, 0, 0, 0, 0, 0, 0]], (1637.0,)
Phenotype: ['DP', 'DP', 'P', 'P', 'P', 'P', 'P', 'P', 'P', 'P', 'P', 'P', 'P', 'P', 'P', 'P', 'P', 'P', 'P', 'P', 'P', 'P', 'P', 'P', 'P', 'P', 'P', 'P', 'P', 'P', 'P', 'P', 'P', 'P', 'P', 'P', 'P', 'P', 'P', 'P', 'P', 'P', 'P', 'P', 'P', 'P', 'P', 'P', 'P', 'P', 'P', 'P', 'P', 'P', 'P', 'P', 'P', 'P', 'P', 'P', 'PD', 'D', 'D', 'D', 'D', 'D', 'D', 'D', 'D', 'D', 'D', 'D', 'D', 'D', 'D', 'D', 'D', 'D', 'D', 'DP', 'DP', 'P', 'P', 'P', 'P', 'P', 'P', 'P', 'P', 'P', 'P', 'P', 'P', 'P', 'P', 'P', 'P', 'P', 'P', 'P', 'P', 'P', 'P', 'P', 'P', 'P', 'P', 'P', 'P', 'P', 'P', 'P', 'P', 'P', 'P', 'P', 'P', 'P', 'P', 'P', 'P', 'P', 'P', 'P', 'P', 'P', 'P', 'P', 'PD', 'D', 'D', 'D', 'D', 'D', 'D'] 

