Margen:  19
-- Generation 0 --
  Evaluated 1407 individuals
  Min 419.0
-- Generation 1 --
  Evaluated 1415 individuals
  Min 395.0
-- Generation 2 --
  Evaluated 1421 individuals
  Min 395.0
-- Generation 3 --
  Evaluated 1424 individuals
  Min 395.0
-- Generation 4 --
  Evaluated 1409 individuals
  Min 395.0
-- Generation 5 --
  Evaluated 1411 individuals
  Min 395.0
-- Generation 6 --
  Evaluated 1416 individuals
  Min 395.0
-- Generation 7 --
  Evaluated 1418 individuals
  Min 395.0
-- Generation 8 --
  Evaluated 1429 individuals
  Min 395.0
-- Generation 9 --
  Evaluated 1448 individuals
  Min 395.0
-- Generation 10 --
  Evaluated 1437 individuals
  Min 395.0
-- Generation 11 --
  Evaluated 1399 individuals
  Min 395.0
-- Generation 12 --
  Evaluated 1426 individuals
  Min 395.0
-- Generation 13 --
  Evaluated 1424 individuals
  Min 395.0
-- Generation 14 --
  Evaluated 1419 individuals
  Min 395.0
-- Generation 15 --
  Evaluated 1419 individuals
  Min 395.0
-- Generation 16 --
  Evaluated 1409 individuals
  Min 395.0
-- Generation 17 --
  Evaluated 1427 individuals
  Min 395.0
-- Generation 18 --
  Evaluated 1424 individuals
  Min 395.0
-- Generation 19 --
  Evaluated 1408 individuals
  Min 395.0
-- Generation 20 --
  Evaluated 1411 individuals
  Min 395.0
-- Generation 21 --
  Evaluated 1412 individuals
  Min 395.0
-- Generation 22 --
  Evaluated 1430 individuals
  Min 395.0
-- Generation 23 --
  Evaluated 1407 individuals
  Min 395.0
-- Generation 24 --
  Evaluated 1420 individuals
  Min 395.0
-- Generation 25 --
  Evaluated 1421 individuals
  Min 395.0
-- Generation 26 --
  Evaluated 1421 individuals
  Min 395.0
-- Generation 27 --
  Evaluated 1411 individuals
  Min 395.0
-- Generation 28 --
  Evaluated 1396 individuals
  Min 395.0
-- Generation 29 --
  Evaluated 1427 individuals
  Min 395.0
-- Generation 30 --
  Evaluated 1423 individuals
  Min 395.0
-- Generation 31 --
  Evaluated 1426 individuals
  Min 395.0
-- Generation 32 --
  Evaluated 1426 individuals
  Min 395.0
-- Generation 33 --
  Evaluated 1417 individuals
  Min 395.0
-- Generation 34 --
  Evaluated 1438 individuals
  Min 395.0
-- Generation 35 --
  Evaluated 1401 individuals
  Min 395.0
-- Generation 36 --
  Evaluated 1409 individuals
  Min 395.0
-- Generation 37 --
  Evaluated 1409 individuals
  Min 395.0
-- Generation 38 --
  Evaluated 1416 individuals
  Min 395.0
-- Generation 39 --
  Evaluated 1405 individuals
  Min 395.0
-- Generation 40 --
  Evaluated 1420 individuals
  Min 395.0
-- Generation 41 --
  Evaluated 1410 individuals
  Min 395.0
-- Generation 42 --
  Evaluated 1407 individuals
  Min 395.0
-- Generation 43 --
  Evaluated 1421 individuals
  Min 395.0
-- Generation 44 --
  Evaluated 1436 individuals
  Min 395.0
-- Generation 45 --
  Evaluated 1430 individuals
  Min 395.0
-- Generation 46 --
  Evaluated 1423 individuals
  Min 395.0
-- Generation 47 --
  Evaluated 1435 individuals
  Min 395.0
-- Generation 48 --
  Evaluated 1391 individuals
  Min 395.0
-- Generation 49 --
  Evaluated 1419 individuals
  Min 395.0
-- Generation 50 --
  Evaluated 1424 individuals
  Min 395.0
-- Generation 51 --
  Evaluated 1428 individuals
  Min 395.0
-- Generation 52 --
  Evaluated 1430 individuals
  Min 395.0
-- Generation 53 --
  Evaluated 1430 individuals
  Min 395.0
-- Generation 54 --
  Evaluated 1405 individuals
  Min 395.0
-- Generation 55 --
  Evaluated 1420 individuals
  Min 395.0
-- Generation 56 --
  Evaluated 1428 individuals
  Min 395.0
-- Generation 57 --
  Evaluated 1429 individuals
  Min 395.0
-- Generation 58 --
  Evaluated 1442 individuals
  Min 395.0
-- Generation 59 --
  Evaluated 1406 individuals
  Min 395.0
-- Generation 60 --
  Evaluated 1421 individuals
  Min 395.0
-- Generation 61 --
  Evaluated 1397 individuals
  Min 395.0
-- Generation 62 --
  Evaluated 1415 individuals
  Min 395.0
-- Generation 63 --
  Evaluated 1428 individuals
  Min 395.0
-- Generation 64 --
  Evaluated 1419 individuals
  Min 395.0
-- Generation 65 --
  Evaluated 1417 individuals
  Min 395.0
-- Generation 66 --
  Evaluated 1426 individuals
  Min 395.0
-- Generation 67 --
  Evaluated 1397 individuals
  Min 395.0
-- Generation 68 --
  Evaluated 1427 individuals
  Min 395.0
-- Generation 69 --
  Evaluated 1417 individuals
  Min 395.0
-- Generation 70 --
  Evaluated 1413 individuals
  Min 395.0
-- Generation 71 --
  Evaluated 1435 individuals
  Min 395.0
-- Generation 72 --
  Evaluated 1417 individuals
  Min 395.0
-- Generation 73 --
  Evaluated 1416 individuals
  Min 395.0
-- Generation 74 --
  Evaluated 1424 individuals
  Min 395.0
-- Generation 75 --
  Evaluated 1419 individuals
  Min 395.0
-- Generation 76 --
  Evaluated 1418 individuals
  Min 395.0
-- Generation 77 --
  Evaluated 1411 individuals
  Min 395.0
-- Generation 78 --
  Evaluated 1419 individuals
  Min 395.0
-- Generation 79 --
  Evaluated 1424 individuals
  Min 395.0
-- Generation 80 --
  Evaluated 1401 individuals
  Min 395.0
-- Generation 81 --
  Evaluated 1417 individuals
  Min 395.0
-- Generation 82 --
  Evaluated 1407 individuals
  Min 395.0
-- Generation 83 --
  Evaluated 1405 individuals
  Min 395.0
-- Generation 84 --
  Evaluated 1426 individuals
  Min 395.0
-- Generation 85 --
  Evaluated 1421 individuals
  Min 395.0
-- Generation 86 --
  Evaluated 1441 individuals
  Min 395.0
-- Generation 87 --
  Evaluated 1412 individuals
  Min 395.0
-- Generation 88 --
  Evaluated 1438 individuals
  Min 395.0
-- Generation 89 --
  Evaluated 1399 individuals
  Min 395.0
-- Generation 90 --
  Evaluated 1427 individuals
  Min 395.0
-- Generation 91 --
  Evaluated 1426 individuals
  Min 395.0
-- Generation 92 --
  Evaluated 1427 individuals
  Min 395.0
-- Generation 93 --
  Evaluated 1419 individuals
  Min 395.0
-- Generation 94 --
  Evaluated 1407 individuals
  Min 395.0
-- Generation 95 --
  Evaluated 1420 individuals
  Min 395.0
-- Generation 96 --
  Evaluated 1420 individuals
  Min 395.0
-- Generation 97 --
  Evaluated 1412 individuals
  Min 395.0
-- Generation 98 --
  Evaluated 1398 individuals
  Min 395.0
-- Generation 99 --
  Evaluated 1427 individuals
  Min 395.0
-- End of (successful) evolution --
 ======================== 
  Min 395.0
  Max 10000679.0
  Avg 2510415.68543
  Std 4335846.38493
 ======================== 
Best individual is [[2, 0, 0, 0, 0, 0, 0, 0, 0, 0], [8, 5, 7, 3, 2, 0, 6, 4, 9, 1], [0, 0, 0, 0, 0, 0, 0, 0, 0, 0]], (395.0,)
Phenotype: ['DP', 'DP', 'P', 'P', 'P', 'P', 'P', 'P', 'P', 'P', 'P', 'P', 'P', 'P', 'P', 'P', 'P', 'P', 'P', 'P', 'P', 'P', 'P', 'P', 'P', 'P', 'P', 'P', 'P', 'P', 'P', 'PD', 'D', 'D', 'D', 'D', 'D', 'D', 'D', 'D', 'D', 'D', 'D', 'D', 'D', 'D', 'D', 'D'] 

